  Entity.cpp
c:\users\marvin-pc\desktop\elixir-master\project1\memmanager.h(165): warning C4312: 'type cast': conversion from 'DWORD' to 'void *' of greater size
  c:\users\marvin-pc\desktop\elixir-master\project1\memmanager.h(165): note: This diagnostic occurred in the compiler generated function 'c MemManager::ReadMem(DWORD)'
c:\users\marvin-pc\desktop\elixir-master\project1\memmanager.h(64): warning C4244: '=': conversion from 'DWORD_PTR' to 'DWORD', possible loss of data
c:\users\marvin-pc\desktop\elixir-master\project1\memmanager.h(93): warning C4312: 'type cast': conversion from 'DWORD' to 'LPVOID' of greater size
c:\users\marvin-pc\desktop\elixir-master\project1\memmanager.h(118): warning C4312: 'type cast': conversion from 'DWORD' to 'BYTE *' of greater size
c:\users\marvin-pc\desktop\elixir-master\project1\memmanager.h(123): warning C4312: 'type cast': conversion from 'DWORD' to 'BYTE *' of greater size
c:\users\marvin-pc\desktop\elixir-master\project1\memmanager.h(126): warning C4312: 'type cast': conversion from 'DWORD' to 'BYTE *' of greater size
c:\users\marvin-pc\desktop\elixir-master\project1\memmanager.h(79): warning C4312: 'type cast': conversion from 'DWORD' to 'LPVOID' of greater size
  c:\users\marvin-pc\desktop\elixir-master\project1\entity.cpp(10): note: see reference to function template instantiation 'c MemManager::ReadMem<int>(DWORD)' being compiled
          with
          [
              c=int
          ]
  Includes.cpp
c:\users\marvin-pc\desktop\elixir-master\project1\memmanager.h(165): warning C4312: 'type cast': conversion from 'DWORD' to 'void *' of greater size
  c:\users\marvin-pc\desktop\elixir-master\project1\memmanager.h(165): note: This diagnostic occurred in the compiler generated function 'c MemManager::ReadMem(DWORD)'
c:\users\marvin-pc\desktop\elixir-master\project1\memmanager.h(64): warning C4244: '=': conversion from 'DWORD_PTR' to 'DWORD', possible loss of data
c:\users\marvin-pc\desktop\elixir-master\project1\memmanager.h(93): warning C4312: 'type cast': conversion from 'DWORD' to 'LPVOID' of greater size
c:\users\marvin-pc\desktop\elixir-master\project1\memmanager.h(118): warning C4312: 'type cast': conversion from 'DWORD' to 'BYTE *' of greater size
c:\users\marvin-pc\desktop\elixir-master\project1\memmanager.h(123): warning C4312: 'type cast': conversion from 'DWORD' to 'BYTE *' of greater size
c:\users\marvin-pc\desktop\elixir-master\project1\memmanager.h(126): warning C4312: 'type cast': conversion from 'DWORD' to 'BYTE *' of greater size
  LocalPlayer.cpp
c:\users\marvin-pc\desktop\elixir-master\project1\memmanager.h(165): warning C4312: 'type cast': conversion from 'DWORD' to 'void *' of greater size
  c:\users\marvin-pc\desktop\elixir-master\project1\memmanager.h(165): note: This diagnostic occurred in the compiler generated function 'c MemManager::ReadMem(DWORD)'
c:\users\marvin-pc\desktop\elixir-master\project1\memmanager.h(64): warning C4244: '=': conversion from 'DWORD_PTR' to 'DWORD', possible loss of data
c:\users\marvin-pc\desktop\elixir-master\project1\memmanager.h(93): warning C4312: 'type cast': conversion from 'DWORD' to 'LPVOID' of greater size
c:\users\marvin-pc\desktop\elixir-master\project1\memmanager.h(118): warning C4312: 'type cast': conversion from 'DWORD' to 'BYTE *' of greater size
c:\users\marvin-pc\desktop\elixir-master\project1\memmanager.h(123): warning C4312: 'type cast': conversion from 'DWORD' to 'BYTE *' of greater size
c:\users\marvin-pc\desktop\elixir-master\project1\memmanager.h(126): warning C4312: 'type cast': conversion from 'DWORD' to 'BYTE *' of greater size
c:\users\marvin-pc\desktop\elixir-master\project1\memmanager.h(79): warning C4312: 'type cast': conversion from 'DWORD' to 'LPVOID' of greater size
  c:\users\marvin-pc\desktop\elixir-master\project1\localplayer.cpp(10): note: see reference to function template instantiation 'c MemManager::ReadMem<DWORD>(DWORD)' being compiled
          with
          [
              c=DWORD
          ]
  Main.cpp
c:\users\marvin-pc\desktop\elixir-master\project1\memmanager.h(165): warning C4312: 'type cast': conversion from 'DWORD' to 'void *' of greater size
  c:\users\marvin-pc\desktop\elixir-master\project1\memmanager.h(165): note: This diagnostic occurred in the compiler generated function 'c MemManager::ReadMem(DWORD)'
c:\users\marvin-pc\desktop\elixir-master\project1\memmanager.h(64): warning C4244: '=': conversion from 'DWORD_PTR' to 'DWORD', possible loss of data
c:\users\marvin-pc\desktop\elixir-master\project1\memmanager.h(93): warning C4312: 'type cast': conversion from 'DWORD' to 'LPVOID' of greater size
c:\users\marvin-pc\desktop\elixir-master\project1\memmanager.h(118): warning C4312: 'type cast': conversion from 'DWORD' to 'BYTE *' of greater size
c:\users\marvin-pc\desktop\elixir-master\project1\memmanager.h(123): warning C4312: 'type cast': conversion from 'DWORD' to 'BYTE *' of greater size
c:\users\marvin-pc\desktop\elixir-master\project1\memmanager.h(126): warning C4312: 'type cast': conversion from 'DWORD' to 'BYTE *' of greater size
c:\users\marvin-pc\desktop\elixir-master\project1\main.cpp(131): warning C4101: 'random': unreferenced local variable
c:\users\marvin-pc\desktop\elixir-master\project1\main.cpp(288): warning C4554: '&': check operator precedence for possible error; use parentheses to clarify precedence
c:\users\marvin-pc\desktop\elixir-master\project1\memmanager.h(79): warning C4312: 'type cast': conversion from 'DWORD' to 'LPVOID' of greater size
  c:\users\marvin-pc\desktop\elixir-master\project1\main.cpp(66): note: see reference to function template instantiation 'c MemManager::ReadMem<int>(DWORD)' being compiled
          with
          [
              c=int
          ]
c:\users\marvin-pc\desktop\elixir-master\project1\memmanager.h(85): warning C4312: 'type cast': conversion from 'DWORD' to 'LPVOID' of greater size
  c:\users\marvin-pc\desktop\elixir-master\project1\main.cpp(76): note: see reference to function template instantiation 'BOOL MemManager::WriteMem<int>(DWORD,c)' being compiled
          with
          [
              c=int
          ]
  Generating Code...
  Project1.vcxproj -> C:\Users\Marvin-PC\Desktop\Elixir-master\x64\Debug\elixir.exe
